autoscan: warning: missing AC_CHECK_FUNCS([atexit]) wanted by: 
	COSMIC/Sinit.c:56
autoscan: warning: missing AC_CHECK_FUNCS([memset]) wanted by: 
	COSMIC/Sopen.c:244
	COSMIC/Sopen.c:583
autoscan: warning: missing AC_CHECK_FUNCS([select]) wanted by: 
	loadavg.cc:180
	main.cc:355
	main.cc:377
	monitor.cc:138
	COSMIC/Smaskwait.c:66
	COSMIC/Speek.c:73
	COSMIC/Speek.c:76
	COSMIC/Stest.c:59
	COSMIC/Stest.c:61
	COSMIC/Stimeoutwait.c:66
	COSMIC/Stimeoutwait.c:71
	COSMIC/Swait.c:57
	COSMIC/Swait.c:60
	COSMIC/HDR/sockets.h:231
autoscan: warning: missing AC_CHECK_FUNCS([socket]) wanted by: 
	COSMIC/Sopen.c:227
	COSMIC/Sopen.c:574
	COSMIC/EXE/Spm.c:517
autoscan: warning: missing AC_CHECK_FUNCS([strchr]) wanted by: 
	COSMIC/Sgets.c:103
	COSMIC/Sopen.c:142
	COSMIC/Sopen.c:208
	COSMIC/Sopenv.c:69
	COSMIC/Srmsrvr.c:49
	COSMIC/HDR/xstdlib.h:26
	COSMIC/EXE/Spm.c:1063
	COSMIC/EXE/sktdbg.c:567
	COSMIC/EXE/sktdbg.c:748
	COSMIC/EXE/sktdbg.c:748
	COSMIC/EXE/spmtable.c:68
	COSMIC/EXE/spmtable.c:74
autoscan: warning: missing AC_CHECK_FUNCS([strrchr]) wanted by: 
	COSMIC/HDR/xstdlib.h:27
autoscan: warning: missing AC_CHECK_FUNCS([strstr]) wanted by: 
	remhost.cc:123
autoscan: warning: missing AC_CHECK_HEADERS([fcntl.h]) wanted by: 
	COSMIC/EXAMPLES/oobrecv.c:8
	COSMIC/EXAMPLES/oobsend.c:8
	COSMIC/EXAMPLES/sktsig.c:6
autoscan: warning: missing AC_CHECK_HEADERS([sys/time.h]) wanted by: 
	COSMIC/HDR/sockets.h:22
	COSMIC/HDR/sockets.h:46
	COSMIC/HDR/sockets.h:58
	COSMIC/HDR/sockets.h:73
	COSMIC/HDR/sockets.h:93
	COSMIC/HDR/sockets.h:110
	COSMIC/HDR/sockets.h:126
	COSMIC/HDR/sockets.h:201
	COSMIC/HDR/sockets.h:215
	COSMIC/HDR/sockets.h:230
	COSMIC/HDR/sockets.h:243
	COSMIC/HDR/sockets.h:256
autoscan: warning: missing AC_FUNC_ERROR_AT_LINE wanted by: 
	COSMIC/Sinit.c:33
	COSMIC/Sinit.c:45
	COSMIC/Sinit.c:53
	COSMIC/Sopen.c:113
	COSMIC/Sopen.c:121
	COSMIC/Sopen.c:158
	COSMIC/Sopenv.c:136
	COSMIC/Speeraddr.c:78
	COSMIC/Speername.c:83
	COSMIC/error.c:55
	COSMIC/error.c:60
	COSMIC/rdcolor.c:235
	COSMIC/stpnxt.c:121
	COSMIC/HDR/xtdio.h:153
	COSMIC/EXE/Spm.c:250
	COSMIC/EXE/Spm.c:333
	COSMIC/EXE/Spm.c:1044
	COSMIC/EXE/Spm.c:1071
	COSMIC/EXE/sktdbg.c:186
	COSMIC/EXE/sktdbg.c:189
	COSMIC/EXE/sktdbg.c:190
	COSMIC/EXE/sktdbg.c:192
	COSMIC/EXE/sktdbg.c:273
	COSMIC/EXE/sktdbg.c:284
	COSMIC/EXE/sktdbg.c:314
	COSMIC/EXE/sktdbg.c:325
	COSMIC/EXE/sktdbg.c:506
	COSMIC/EXE/sktdbg.c:538
	COSMIC/EXE/sktdbg.c:752
	COSMIC/EXE/sktdbg.c:792
	COSMIC/EXE/spmtable.c:58
	COSMIC/EXE/spmtable.c:122
	COSMIC/EXE/spmtable.c:136
	COSMIC/EXE/spmtable.c:145
	COSMIC/EXE/spmtable.c:153
	COSMIC/EXE/spmtable.c:167
	COSMIC/EXE/spmtable.c:171
	COSMIC/EXE/srmsrvr.c:26
	COSMIC/EXAMPLES/multiskt.c:61
	COSMIC/EXAMPLES/multiskt.c:75
	COSMIC/EXAMPLES/oobsend.c:61
	COSMIC/EXAMPLES/oobsend.c:77
	COSMIC/EXAMPLES/sktsig.c:67
	COSMIC/EXAMPLES/sktsig.c:75
	COSMIC/EXAMPLES/sktsig.c:89
	COSMIC/EXAMPLES/talkclient.c:90
	COSMIC/EXAMPLES/talkclient.c:110
	COSMIC/EXAMPLES/talkclient.c:119
	COSMIC/EXAMPLES/talksrvr.c:87
	COSMIC/EXAMPLES/talksrvr.c:107
	COSMIC/EXAMPLES/talksrvr.c:201
autoscan: warning: missing AC_FUNC_MALLOC wanted by: 
	COSMIC/Smaskwait.c:291
	COSMIC/Smkskt.c:37
	COSMIC/HDR/xstdlib.h:25
	COSMIC/EXE/Spm.c:588
	COSMIC/EXE/Spm.c:776
	COSMIC/EXE/Spm.c:1042
	COSMIC/EXE/Spm.c:1069
	COSMIC/EXAMPLES/multiskt.c:80
	COSMIC/EXAMPLES/talksrvr.c:113
autoscan: warning: missing AC_FUNC_SELECT_ARGTYPES wanted by: 
	loadavg.cc:180
	main.cc:355
	main.cc:377
	monitor.cc:138
	COSMIC/Smaskwait.c:66
	COSMIC/Speek.c:73
	COSMIC/Speek.c:76
	COSMIC/Stest.c:59
	COSMIC/Stest.c:61
	COSMIC/Stimeoutwait.c:66
	COSMIC/Stimeoutwait.c:71
	COSMIC/Swait.c:57
	COSMIC/Swait.c:60
	COSMIC/HDR/sockets.h:231
autoscan: warning: missing AC_FUNC_STAT wanted by: 
	dmucs_hosts_file.cc:156
autoscan: warning: missing AC_FUNC_VPRINTF wanted by: 
	COSMIC/error.c:91
	COSMIC/error.c:95
	COSMIC/outofmem.c:40
	COSMIC/Sprintf.c:53
	COSMIC/Svprintf.c:53
	COSMIC/Svprintf.c:55
autoscan: warning: missing AC_HEADER_SYS_WAIT wanted by: 
	gethost.cc:30
	COSMIC/EXAMPLES/sktfork.c:6
autoscan: warning: missing AC_HEADER_TIME wanted by: 
	loadavg.cc:179
	main.cc:354
	main.cc:376
	monitor.cc:137
	COSMIC/Smaskwait.c:26
	COSMIC/Smaskwait.c:27
	COSMIC/Smaskwait.c:151
	COSMIC/Smaskwait.c:173
	COSMIC/Smaskwait.c:174
	COSMIC/Speek.c:47
	COSMIC/Stest.c:42
	COSMIC/Stimeoutwait.c:43
	COSMIC/Swait.c:58
	COSMIC/Swait.c:60
	COSMIC/HDR/sockets.h:231
autoscan: warning: missing AC_TYPE_SIGNAL wanted by: 
	COSMIC/EXAMPLES/oobrecv.c:69
	COSMIC/EXAMPLES/oobrecv.c:112
	COSMIC/EXAMPLES/sktsig.c:79
	COSMIC/EXAMPLES/sktsig.c:120
autoscan: warning: missing AC_TYPE_SIZE_T wanted by: 
	COSMIC/Saccept.c:34
	COSMIC/Smkskt.c:43
	COSMIC/Smkskt.c:49
	COSMIC/Sopen.c:191
	COSMIC/Speeraddr.c:36
	COSMIC/Speername.c:39
	COSMIC/fopenv.c:57
	COSMIC/rdcolor.c:273
	COSMIC/EXE/Spm.c:599
	COSMIC/EXE/Spm.c:608
